launching chrome browser
entering application URL
Hey this is just a warning
hey this is just fatal error message
this is debug message
login page title is-->Amazon.com: Online Shopping for Electronics, Apparel, Computers, Books, DVDs & more
launching chrome browser
entering application URL
Hey this is just a warning
hey this is just fatal error message
this is debug message
launching chrome browser
entering application URL
Hey this is just a warning
hey this is just fatal error message
this is debug message
login page title is-->Amazon.com: Online Shopping for Electronics, Apparel, Computers, Books, DVDs & more
launching chrome browser
entering application URL
Hey this is just a warning
hey this is just fatal error message
this is debug message
